Retrieving notices: ...working... done
Collecting package metadata (current_repodata.json): ...working... done
Solving environment: ...working... done


==> WARNING: A newer version of conda exists. <==
  current version: 23.7.4
  latest version: 24.7.1

Please update conda by running

    $ conda update -n base -c conda-forge conda

Or to minimize the number of packages updated during conda update use

     conda install conda=24.7.1



# All requested packages already installed.

Collecting package metadata (current_repodata.json): ...working... done
Solving environment: ...working... done


==> WARNING: A newer version of conda exists. <==
  current version: 23.7.4
  latest version: 24.7.1

Please update conda by running

    $ conda update -n base -c conda-forge conda

Or to minimize the number of packages updated during conda update use

     conda install conda=24.7.1



# All requested packages already installed.

[ Info: Running `conda install -y -c conda-forge scipy=1.8.1` in root environment
[ Info: Running `conda install -y scikit-learn=1.1.1` in root environment
